c:\users\dougl\documents\college\cg\x64\debug\vc143.pdb
c:\users\dougl\documents\college\cg\x64\debug\vc143.idb
c:\users\dougl\documents\college\cg\x64\debug\vector.obj
c:\users\dougl\documents\college\cg\x64\debug\triangle.obj
c:\users\dougl\documents\college\cg\x64\debug\pontointersecao.obj
c:\users\dougl\documents\college\cg\x64\debug\plano.obj
c:\users\dougl\documents\college\cg\x64\debug\object.obj
c:\users\dougl\documents\college\cg\x64\debug\matrix.obj
c:\users\dougl\documents\college\cg\x64\debug\material.obj
c:\users\dougl\documents\college\cg\x64\debug\luzremota.obj
c:\users\dougl\documents\college\cg\x64\debug\luzambiente.obj
c:\users\dougl\documents\college\cg\x64\debug\light.obj
c:\users\dougl\documents\college\cg\x64\debug\cubo.obj
c:\users\dougl\documents\college\cg\x64\debug\cluster.obj
c:\users\dougl\documents\college\cg\x64\debug\camera.obj
c:\users\dougl\documents\college\cg\x64\debug\trabalhograde.obj
c:\users\dougl\documents\college\cg\x64\debug\cmakecxxcompilerid.obj
c:\users\dougl\documents\college\cg\x64\debug\cenarioopengl.obj
c:\users\dougl\documents\college\cg\x64\debug\bitmap.obj
c:\users\dougl\documents\college\cg\x64\debug\luzspot.obj
c:\users\dougl\documents\college\cg\x64\debug\luzpontual.obj
c:\users\dougl\documents\college\cg\x64\debug\esfera.obj
c:\users\dougl\documents\college\cg\x64\debug\cone.obj
c:\users\dougl\documents\college\cg\x64\debug\cilindro.obj
c:\users\dougl\documents\college\cg\x64\debug\cenario.obj
c:\users\dougl\documents\college\cg\x64\debug\Utils.obj
c:\users\dougl\documents\college\cg\x64\debug\main.obj
c:\users\dougl\documents\college\cg\x64\debug\cmakeccompilerid.obj
c:\users\dougl\documents\college\cg\x64\debug\cgproject.pdb
c:\users\dougl\documents\college\cg\x64\debug\cgproject.tlog\cl.command.1.tlog
c:\users\dougl\documents\college\cg\x64\debug\cgproject.tlog\cl.read.1.tlog
c:\users\dougl\documents\college\cg\x64\debug\cgproject.tlog\cl.write.1.tlog
c:\users\dougl\documents\college\cg\x64\debug\cgproject.tlog\link-cvtres.read.1.tlog
c:\users\dougl\documents\college\cg\x64\debug\cgproject.tlog\link-cvtres.write.1.tlog
c:\users\dougl\documents\college\cg\x64\debug\cgproject.tlog\link-rc.read.1.tlog
c:\users\dougl\documents\college\cg\x64\debug\cgproject.tlog\link-rc.write.1.tlog
c:\users\dougl\documents\college\cg\x64\debug\cgproject.tlog\link.command.1.tlog
c:\users\dougl\documents\college\cg\x64\debug\cgproject.tlog\link.read.1.tlog
c:\users\dougl\documents\college\cg\x64\debug\cgproject.tlog\link.read.2.tlog
c:\users\dougl\documents\college\cg\x64\debug\cgproject.tlog\link.write.1.tlog
