c:\users\dougl\documents\college\cg\release\vc143.pdb
c:\users\dougl\documents\college\cg\release\cmakeccompilerid.obj
c:\users\dougl\documents\college\cg\release\triangle.obj
c:\users\dougl\documents\college\cg\release\intersectionpoint.obj
c:\users\dougl\documents\college\cg\release\plane.obj
c:\users\dougl\documents\college\cg\release\object_.obj
c:\users\dougl\documents\college\cg\release\matrix.obj
c:\users\dougl\documents\college\cg\release\material.obj
c:\users\dougl\documents\college\cg\release\luzspot.obj
c:\users\dougl\documents\college\cg\release\luzremota.obj
c:\users\dougl\documents\college\cg\release\luzpontual.obj
c:\users\dougl\documents\college\cg\release\ambientlight.obj
c:\users\dougl\documents\college\cg\release\light.obj
c:\users\dougl\documents\college\cg\release\sphere.obj
c:\users\dougl\documents\college\cg\release\cube.obj
c:\users\dougl\documents\college\cg\release\cone.obj
c:\users\dougl\documents\college\cg\release\cluster.obj
c:\users\dougl\documents\college\cg\release\cylinder.obj
c:\users\dougl\documents\college\cg\release\scene.obj
c:\users\dougl\documents\college\cg\release\camera.obj
c:\users\dougl\documents\college\cg\release\utils.obj
c:\users\dougl\documents\college\cg\release\main.obj
c:\users\dougl\documents\college\cg\release\cmakecxxcompilerid.obj
c:\users\dougl\documents\college\cg\release\cenarioopengl.obj
c:\users\dougl\documents\college\cg\release\bitmap.obj
c:\users\dougl\documents\college\cg\release\vector.obj
c:\users\dougl\documents\college\cg\release\cgproject.exe
c:\users\dougl\documents\college\cg\release\cgproject.pdb
c:\users\dougl\documents\college\cg\release\cgproject.tlog\cl.command.1.tlog
c:\users\dougl\documents\college\cg\release\cgproject.tlog\cl.read.1.tlog
c:\users\dougl\documents\college\cg\release\cgproject.tlog\cl.write.1.tlog
c:\users\dougl\documents\college\cg\release\cgproject.tlog\link.command.1.tlog
c:\users\dougl\documents\college\cg\release\cgproject.tlog\link.read.1.tlog
c:\users\dougl\documents\college\cg\release\cgproject.tlog\link.write.1.tlog
